0	1	mikroCARM.exe -MSF -DBG -pMK64FN1M0XXX12 -BIN -DL -SSA -O11111114 -fo120 -N"C:\Users\Korisnik\Downloads\milica\GSM_MODEM\OLED096.mcpar" -SP"C:\Users\Public\Documents\Mikroelektronika\mikroC PRO for ARM\Defs\" -SP"C:\Users\Public\Documents\Mikroelektronika\mikroC PRO for ARM\Uses\NXP M4\" -SP"C:\Users\Korisnik\Downloads\milica\GSM_MODEM\" -IP"C:\Users\Public\Documents\Mikroelektronika\mikroC PRO for ARM\Uses\NXP M4\" "main.c" "uart5.c" "OLED_096.c" "uart2.c" "__Lib_Math.emcl" "__Lib_MathDouble.emcl" "__Lib_Delays.emcl" "__Lib_System.emcl" "__Lib_GPIO_MK64_Defs.emcl" "__Lib_GPIO.emcl" "__Lib_CType.emcl" "__Lib_CString.emcl" "__Lib_CStdlib.emcl" "__Lib_Sprintf.emcl" "__Lib_Sprinti.emcl" "__Lib_Sprintl.emcl" "__Lib_Button.emcl" "__Lib_I2C_012.emcl" "__Lib_UART_012345.emcl"	 
diagnostics: 0	122	Compilation Started	stdint.h
warning: 46	1505	Suspicious pointer conversion	main.c
warning: 57	1505	Suspicious pointer conversion	main.c
warning: 68	1505	Suspicious pointer conversion	main.c
hint: 0	1004	interrupt handler (INT_UART2_RX at 0x0033)	main.c
diagnostics: 399	123	Compiled Successfully	main.c
hint: 353	1164	Variable 'slobodnaLedDioda' has been eliminated by optimizer	main.c
diagnostics: 0	122	Compilation Started	stdint.h
diagnostics: 107	123	Compiled Successfully	uart5.c
diagnostics: 0	122	Compilation Started	stdint.h
warning: 208	1505	Suspicious pointer conversion	OLED_096.c
warning: 284	1505	Suspicious pointer conversion	OLED_096.c
diagnostics: 1142	123	Compiled Successfully	OLED_096.c
hint: 268	1164	Variable 'y_row' has been eliminated by optimizer	OLED_096.c
diagnostics: 0	122	Compilation Started	stdint.h
diagnostics: 87	123	Compiled Successfully	uart2.c
diagnostics: 0	127	All files Compiled in 468 ms	 
hint: 0	1144	Used RX: 16 (100%)   Free RX: 0 (0%)	Used RX: 16 (100%)   Free RX: 0 (0%)
hint: 0	1144	Static RAM (bytes): 650   Dynamic RAM (bytes): 130413	Static RAM (bytes): 650   Dynamic RAM (bytes): 130413
hint: 0	1144	Used ROM (bytes): 12021 (1%)  Free ROM (bytes): 1036555 (99%)	Used ROM (bytes): 12021 (1%)  Free ROM (bytes): 1036555 (99%)
diagnostics: 0	125	Project Linked Successfully	OLED096.mcpar
diagnostics: 0	128	Linked in 391 ms	 
diagnostics: 0	129	Project 'OLED096.mcpar' completed: 1078 ms	 
diagnostics: 0	103	Finished successfully: 06 mar 2024, 18:00:33	OLED096.mcpar
